<?xml version="1.0" encoding="UTF-8"?>
<!-- Generated by org.testng.reporters.JUnitXMLReporter -->
<testsuite hostname="Sanjay" ignored="0" name="Default test" tests="4" failures="0" timestamp="2023-03-08T17:08:32 IST" time="0.143" errors="0">
  <testcase name="@BeforeTest startup" time="-1.678275511885E9" classname="demoblaze.caseStudy">
    <failure type="org.testng.TestNGException" message="
Parameter &amp;apos;browser&amp;apos; is required by BeforeTest on method startup but has not been marked @Optional or defined
in C:\Users\Palaniappan\AppData\Local\Temp\testng-eclipse--1246437955\testng-customsuite.xml">
      <![CDATA[org.testng.TestNGException: 
Parameter 'browser' is required by BeforeTest on method startup but has not been marked @Optional or defined
in C:\Users\Palaniappan\AppData\Local\Temp\testng-eclipse--1246437955\testng-customsuite.xml
at org.testng.internal.Parameters.createParams(Parameters.java:270)
at org.testng.internal.Parameters.createParametersForMethod(Parameters.java:358)
at org.testng.internal.Parameters.createParameters(Parameters.java:700)
at org.testng.internal.Parameters.createConfigurationParameters(Parameters.java:168)
at org.testng.internal.ConfigInvoker.invokeConfigurations(ConfigInvoker.java:302)
at org.testng.TestRunner.invokeTestConfigurations(TestRunner.java:637)
at org.testng.TestRunner.beforeRun(TestRunner.java:627)
at org.testng.TestRunner.run(TestRunner.java:589)
at org.testng.SuiteRunner.runTest(SuiteRunner.java:377)
at org.testng.SuiteRunner.runSequentially(SuiteRunner.java:371)
at org.testng.SuiteRunner.privateRun(SuiteRunner.java:332)
at org.testng.SuiteRunner.run(SuiteRunner.java:276)
at org.testng.SuiteRunnerWorker.runSuite(SuiteRunnerWorker.java:53)
at org.testng.SuiteRunnerWorker.run(SuiteRunnerWorker.java:96)
at org.testng.TestNG.runSuitesSequentially(TestNG.java:1212)
at org.testng.TestNG.runSuitesLocally(TestNG.java:1134)
at org.testng.TestNG.runSuites(TestNG.java:1063)
at org.testng.TestNG.run(TestNG.java:1031)
at org.testng.remote.AbstractRemoteTestNG.run(AbstractRemoteTestNG.java:115)
at org.testng.remote.RemoteTestNG.initAndRun(RemoteTestNG.java:251)
at org.testng.remote.RemoteTestNG.main(RemoteTestNG.java:77)
]]>
    </failure>
  </testcase> <!-- @BeforeTest startup -->
  <testcase name="@BeforeClass open" time="-1.678275511928E9" classname="demoblaze.caseStudy">
    <skipped/>
  </testcase> <!-- @BeforeClass open -->
  <testcase name="@AfterMethod close" time="-1.678275511964E9" classname="demoblaze.caseStudy">
    <skipped/>
  </testcase> <!-- @AfterMethod close -->
  <testcase name="@AfterMethod close" time="-1.678275512002E9" classname="demoblaze.caseStudy">
    <skipped/>
  </testcase> <!-- @AfterMethod close -->
  <testcase name="@AfterMethod close" time="-1.67827551201E9" classname="demoblaze.caseStudy">
    <skipped/>
  </testcase> <!-- @AfterMethod close -->
  <testcase name="@AfterMethod close" time="-1.678275512017E9" classname="demoblaze.caseStudy">
    <skipped/>
  </testcase> <!-- @AfterMethod close -->
  <testcase name="@AfterTest teardown" time="-1.67827551202E9" classname="demoblaze.caseStudy">
    <skipped/>
  </testcase> <!-- @AfterTest teardown -->
  <testcase name="login" time="0.0" classname="demoblaze.caseStudy">
    <skipped/>
  </testcase> <!-- login -->
  <testcase name="selectMultipleItems" time="0.0" classname="demoblaze.caseStudy">
    <skipped/>
  </testcase> <!-- selectMultipleItems -->
  <testcase name="DeleteItemInCart" time="0.0" classname="demoblaze.caseStudy">
    <skipped/>
  </testcase> <!-- DeleteItemInCart -->
  <testcase name="PlaceOrder" time="0.0" classname="demoblaze.caseStudy">
    <skipped/>
  </testcase> <!-- PlaceOrder -->
</testsuite> <!-- Default test -->
