<?xml version="1.0" encoding="UTF-8"?>
<testng-results skipped="0" failed="1" ignored="0" total="4" passed="3">
  <reporter-output>
  </reporter-output>
  <suite name="sampleSuite" duration-ms="26191" started-at="2023-03-08T17:08:50 IST" finished-at="2023-03-08T17:09:16 IST">
    <groups>
      <group name="featureTwo">
        <method signature="caseStudy.DeleteItemInCart()[pri:3, instance:demoblaze.caseStudy@57f23557]" name="DeleteItemInCart" class="demoblaze.caseStudy"/>
        <method signature="caseStudy.PlaceOrder()[pri:4, instance:demoblaze.caseStudy@57f23557]" name="PlaceOrder" class="demoblaze.caseStudy"/>
        <method signature="caseStudy.login()[pri:1, instance:demoblaze.caseStudy@57f23557]" name="login" class="demoblaze.caseStudy"/>
        <method signature="caseStudy.selectMultipleItems(java.lang.String)[pri:2, instance:demoblaze.caseStudy@57f23557]" name="selectMultipleItems" class="demoblaze.caseStudy"/>
      </group> <!-- featureTwo -->
      <group name="featureOne">
        <method signature="caseStudy.PlaceOrder()[pri:4, instance:demoblaze.caseStudy@57f23557]" name="PlaceOrder" class="demoblaze.caseStudy"/>
        <method signature="caseStudy.login()[pri:1, instance:demoblaze.caseStudy@57f23557]" name="login" class="demoblaze.caseStudy"/>
      </group> <!-- featureOne -->
    </groups>
    <test name="MiniCaseStudy" duration-ms="26191" started-at="2023-03-08T17:08:50 IST" finished-at="2023-03-08T17:09:16 IST">
      <class name="demoblaze.caseStudy">
        <test-method status="PASS" signature="startup(java.lang.String)[pri:0, instance:demoblaze.caseStudy@57f23557]" name="startup" is-config="true" duration-ms="5902" started-at="2023-03-08T17:08:50 IST" finished-at="2023-03-08T17:08:56 IST">
          <params>
            <param index="0">
              <value>
                <![CDATA[chrome]]>
              </value>
            </param>
          </params>
          <reporter-output>
          </reporter-output>
        </test-method> <!-- startup -->
        <test-method status="PASS" signature="open()[pri:0, instance:demoblaze.caseStudy@57f23557]" name="open" is-config="true" duration-ms="423" started-at="2023-03-08T17:08:56 IST" finished-at="2023-03-08T17:08:56 IST">
          <reporter-output>
          </reporter-output>
        </test-method> <!-- open -->
        <test-method status="PASS" signature="login()[pri:1, instance:demoblaze.caseStudy@57f23557]" name="login" duration-ms="3592" started-at="2023-03-08T17:08:56 IST" finished-at="2023-03-08T17:09:00 IST">
          <reporter-output>
          </reporter-output>
        </test-method> <!-- login -->
        <test-method status="PASS" signature="close(org.testng.ITestResult)[pri:0, instance:demoblaze.caseStudy@57f23557]" name="close" is-config="true" duration-ms="2" started-at="2023-03-08T17:09:00 IST" finished-at="2023-03-08T17:09:00 IST">
          <params>
            <param index="0">
              <value>
                <![CDATA[[TestResult name=login status=SUCCESS method=caseStudy.login()[pri:1, instance:demoblaze.caseStudy@57f23557] output={null}]]]>
              </value>
            </param>
          </params>
          <reporter-output>
          </reporter-output>
        </test-method> <!-- close -->
        <test-method status="PASS" signature="selectMultipleItems(java.lang.String)[pri:2, instance:demoblaze.caseStudy@57f23557]" name="selectMultipleItems" duration-ms="6022" started-at="2023-03-08T17:09:00 IST" data-provider="data" finished-at="2023-03-08T17:09:06 IST">
          <params>
            <param index="0">
              <value>
                <![CDATA[Samsung galaxy s6]]>
              </value>
            </param>
          </params>
          <reporter-output>
          </reporter-output>
        </test-method> <!-- selectMultipleItems -->
        <test-method status="PASS" signature="close(org.testng.ITestResult)[pri:0, instance:demoblaze.caseStudy@57f23557]" name="close" is-config="true" duration-ms="0" started-at="2023-03-08T17:09:06 IST" finished-at="2023-03-08T17:09:06 IST">
          <params>
            <param index="0">
              <value>
                <![CDATA[[TestResult name=selectMultipleItems status=SUCCESS method=caseStudy.selectMultipleItems(java.lang.String)[pri:2, instance:demoblaze.caseStudy@57f23557] output={null}]]]>
              </value>
            </param>
          </params>
          <reporter-output>
          </reporter-output>
        </test-method> <!-- close -->
        <test-method status="FAIL" signature="DeleteItemInCart()[pri:3, instance:demoblaze.caseStudy@57f23557]" name="DeleteItemInCart" duration-ms="2192" started-at="2023-03-08T17:09:06 IST" finished-at="2023-03-08T17:09:08 IST">
          <exception class="java.lang.AssertionError">
            <message>
              <![CDATA[did not expect [1] but found [1]]]>
            </message>
            <full-stacktrace>
              <![CDATA[java.lang.AssertionError: did not expect [1] but found [1]
at org.testng.Assert.fail(Assert.java:99)
at org.testng.Assert.failEquals(Assert.java:1041)
at org.testng.Assert.assertNotEqualsImpl(Assert.java:147)
at org.testng.Assert.assertNotEquals(Assert.java:1531)
at org.testng.Assert.assertNotEquals(Assert.java:1535)
at demoblaze.caseStudy.DeleteItemInCart(caseStudy.java:124)
at sun.reflect.NativeMethodAccessorImpl.invoke0(Native Method)
at sun.reflect.NativeMethodAccessorImpl.invoke(NativeMethodAccessorImpl.java:62)
at sun.reflect.DelegatingMethodAccessorImpl.invoke(DelegatingMethodAccessorImpl.java:43)
at java.lang.reflect.Method.invoke(Method.java:498)
at org.testng.internal.MethodInvocationHelper.invokeMethod(MethodInvocationHelper.java:133)
at org.testng.internal.TestInvoker.invokeMethod(TestInvoker.java:598)
at org.testng.internal.TestInvoker.invokeTestMethod(TestInvoker.java:173)
at org.testng.internal.MethodRunner.runInSequence(MethodRunner.java:46)
at org.testng.internal.TestInvoker$MethodInvocationAgent.invoke(TestInvoker.java:824)
at org.testng.internal.TestInvoker.invokeTestMethods(TestInvoker.java:146)
at org.testng.internal.TestMethodWorker.invokeTestMethods(TestMethodWorker.java:146)
at org.testng.internal.TestMethodWorker.run(TestMethodWorker.java:128)
at java.util.ArrayList.forEach(ArrayList.java:1257)
at org.testng.TestRunner.privateRun(TestRunner.java:794)
at org.testng.TestRunner.run(TestRunner.java:596)
at org.testng.SuiteRunner.runTest(SuiteRunner.java:377)
at org.testng.SuiteRunner.runSequentially(SuiteRunner.java:371)
at org.testng.SuiteRunner.privateRun(SuiteRunner.java:332)
at org.testng.SuiteRunner.run(SuiteRunner.java:276)
at org.testng.SuiteRunnerWorker.runSuite(SuiteRunnerWorker.java:53)
at org.testng.SuiteRunnerWorker.run(SuiteRunnerWorker.java:96)
at org.testng.TestNG.runSuitesSequentially(TestNG.java:1212)
at org.testng.TestNG.runSuitesLocally(TestNG.java:1134)
at org.testng.TestNG.runSuites(TestNG.java:1063)
at org.testng.TestNG.run(TestNG.java:1031)
at org.testng.remote.AbstractRemoteTestNG.run(AbstractRemoteTestNG.java:115)
at org.testng.remote.RemoteTestNG.initAndRun(RemoteTestNG.java:251)
at org.testng.remote.RemoteTestNG.main(RemoteTestNG.java:77)
]]>
            </full-stacktrace>
          </exception> <!-- java.lang.AssertionError -->
          <reporter-output>
          </reporter-output>
        </test-method> <!-- DeleteItemInCart -->
        <test-method status="PASS" signature="close(org.testng.ITestResult)[pri:0, instance:demoblaze.caseStudy@57f23557]" name="close" is-config="true" duration-ms="439" started-at="2023-03-08T17:09:08 IST" finished-at="2023-03-08T17:09:09 IST">
          <params>
            <param index="0">
              <value>
                <![CDATA[[TestResult name=DeleteItemInCart status=FAILURE method=caseStudy.DeleteItemInCart()[pri:3, instance:demoblaze.caseStudy@57f23557] output={null}]]]>
              </value>
            </param>
          </params>
          <reporter-output>
          </reporter-output>
        </test-method> <!-- close -->
        <test-method status="PASS" signature="PlaceOrder()[pri:4, instance:demoblaze.caseStudy@57f23557]" name="PlaceOrder" duration-ms="6570" started-at="2023-03-08T17:09:09 IST" finished-at="2023-03-08T17:09:15 IST">
          <reporter-output>
          </reporter-output>
        </test-method> <!-- PlaceOrder -->
        <test-method status="PASS" signature="close(org.testng.ITestResult)[pri:0, instance:demoblaze.caseStudy@57f23557]" name="close" is-config="true" duration-ms="0" started-at="2023-03-08T17:09:15 IST" finished-at="2023-03-08T17:09:15 IST">
          <params>
            <param index="0">
              <value>
                <![CDATA[[TestResult name=PlaceOrder status=SUCCESS method=caseStudy.PlaceOrder()[pri:4, instance:demoblaze.caseStudy@57f23557] output={null}]]]>
              </value>
            </param>
          </params>
          <reporter-output>
          </reporter-output>
        </test-method> <!-- close -->
        <test-method status="PASS" signature="teardown()[pri:0, instance:demoblaze.caseStudy@57f23557]" name="teardown" is-config="true" duration-ms="968" started-at="2023-03-08T17:09:15 IST" finished-at="2023-03-08T17:09:16 IST">
          <reporter-output>
          </reporter-output>
        </test-method> <!-- teardown -->
      </class> <!-- demoblaze.caseStudy -->
    </test> <!-- MiniCaseStudy -->
  </suite> <!-- sampleSuite -->
</testng-results>
